<?xml version="1.0" encoding="UTF-8"?>
<!-- Generated by org.testng.reporters.JUnitXMLReporter -->
<testsuite ignored="0" hostname="DESKTOP-JHURRHK" failures="0" tests="7" name="Default test" time="29.955" errors="0" timestamp="13 Aug 2021 16:59:03 GMT">
  <testcase classname="studi.co.Base.BaseClass" name="@BeforeTest beforeTest" time="29.696">
    <failure type="org.openqa.selenium.SessionNotCreatedException" message="Unable to create a new remote session. Original error: Connection reset
Build info: version: &amp;apos;3.141.59&amp;apos;, revision: &amp;apos;e82be7d358&amp;apos;, time: &amp;apos;2018-11-14T08:17:03&amp;apos;
System info: host: &amp;apos;DESKTOP-JHURRHK&amp;apos;, ip: &amp;apos;127.0.0.1&amp;apos;, os.name: &amp;apos;Windows 10&amp;apos;, os.arch: &amp;apos;amd64&amp;apos;, os.version: &amp;apos;10.0&amp;apos;, java.version: &amp;apos;11.0.9&amp;apos;
Driver info: driver.version: AndroidDriver">
      <![CDATA[org.openqa.selenium.SessionNotCreatedException: Unable to create a new remote session. Original error: Connection reset
Build info: version: '3.141.59', revision: 'e82be7d358', time: '2018-11-14T08:17:03'
System info: host: 'DESKTOP-JHURRHK', ip: '127.0.0.1', os.name: 'Windows 10', os.arch: 'amd64', os.version: '10.0', java.version: '11.0.9'
Driver info: driver.version: AndroidDriver
at io.appium.java_client.remote.AppiumCommandExecutor$1.createSession(AppiumCommandExecutor.java:208)
at io.appium.java_client.remote.AppiumCommandExecutor.createSession(AppiumCommandExecutor.java:217)
at io.appium.java_client.remote.AppiumCommandExecutor.execute(AppiumCommandExecutor.java:239)
at org.openqa.selenium.remote.RemoteWebDriver.execute(RemoteWebDriver.java:552)
at io.appium.java_client.DefaultGenericMobileDriver.execute(DefaultGenericMobileDriver.java:42)
at io.appium.java_client.AppiumDriver.execute(AppiumDriver.java:1)
at io.appium.java_client.android.AndroidDriver.execute(AndroidDriver.java:1)
at org.openqa.selenium.remote.RemoteWebDriver.startSession(RemoteWebDriver.java:213)
at org.openqa.selenium.remote.RemoteWebDriver.<init>(RemoteWebDriver.java:131)
at io.appium.java_client.DefaultGenericMobileDriver.<init>(DefaultGenericMobileDriver.java:38)
at io.appium.java_client.AppiumDriver.<init>(AppiumDriver.java:84)
at io.appium.java_client.AppiumDriver.<init>(AppiumDriver.java:94)
at io.appium.java_client.android.AndroidDriver.<init>(AndroidDriver.java:95)
at studi.co.Base.BaseClass.beforeTest(BaseClass.java:404)
at java.base/jdk.internal.reflect.NativeMethodAccessorImpl.invoke0(Native Method)
at java.base/jdk.internal.reflect.NativeMethodAccessorImpl.invoke(NativeMethodAccessorImpl.java:62)
at java.base/jdk.internal.reflect.DelegatingMethodAccessorImpl.invoke(DelegatingMethodAccessorImpl.java:43)
at java.base/java.lang.reflect.Method.invoke(Method.java:566)
at org.testng.internal.MethodInvocationHelper.invokeMethod(MethodInvocationHelper.java:124)
at org.testng.internal.MethodInvocationHelper.invokeMethodConsideringTimeout(MethodInvocationHelper.java:59)
at org.testng.internal.Invoker.invokeConfigurationMethod(Invoker.java:458)
at org.testng.internal.Invoker.invokeConfigurations(Invoker.java:222)
at org.testng.internal.Invoker.invokeConfigurations(Invoker.java:142)
at org.testng.TestRunner.beforeRun(TestRunner.java:529)
at org.testng.TestRunner.run(TestRunner.java:497)
at org.testng.SuiteRunner.runTest(SuiteRunner.java:455)
at org.testng.SuiteRunner.runSequentially(SuiteRunner.java:450)
at org.testng.SuiteRunner.privateRun(SuiteRunner.java:415)
at org.testng.SuiteRunner.run(SuiteRunner.java:364)
at org.testng.SuiteRunnerWorker.runSuite(SuiteRunnerWorker.java:52)
at org.testng.SuiteRunnerWorker.run(SuiteRunnerWorker.java:84)
at org.testng.TestNG.runSuitesSequentially(TestNG.java:1208)
at org.testng.TestNG.runSuitesLocally(TestNG.java:1137)
at org.testng.TestNG.runSuites(TestNG.java:1049)
at org.testng.TestNG.run(TestNG.java:1017)
at org.testng.remote.AbstractRemoteTestNG.run(AbstractRemoteTestNG.java:115)
at org.testng.remote.RemoteTestNG.initAndRun(RemoteTestNG.java:251)
at org.testng.remote.RemoteTestNG.main(RemoteTestNG.java:77)
Caused by: java.lang.reflect.InvocationTargetException
at java.base/jdk.internal.reflect.NativeMethodAccessorImpl.invoke0(Native Method)
at java.base/jdk.internal.reflect.NativeMethodAccessorImpl.invoke(NativeMethodAccessorImpl.java:62)
at java.base/jdk.internal.reflect.DelegatingMethodAccessorImpl.invoke(DelegatingMethodAccessorImpl.java:43)
at java.base/java.lang.reflect.Method.invoke(Method.java:566)
at io.appium.java_client.remote.AppiumCommandExecutor$1.createSession(AppiumCommandExecutor.java:186)
... 37 more
Caused by: java.net.SocketException: Connection reset
at java.base/java.net.SocketInputStream.read(SocketInputStream.java:186)
at java.base/java.net.SocketInputStream.read(SocketInputStream.java:140)
at okio.Okio$2.read(Okio.java:140)
at okio.AsyncTimeout$2.read(AsyncTimeout.java:237)
at okio.RealBufferedSource.indexOf(RealBufferedSource.java:355)
at okio.RealBufferedSource.readUtf8LineStrict(RealBufferedSource.java:227)
at okhttp3.internal.http1.Http1Codec.readHeaderLine(Http1Codec.java:215)
at okhttp3.internal.http1.Http1Codec.readResponseHeaders(Http1Codec.java:189)
at okhttp3.internal.http.CallServerInterceptor.intercept(CallServerInterceptor.java:88)
at okhttp3.internal.http.RealInterceptorChain.proceed(RealInterceptorChain.java:147)
at okhttp3.internal.http.RealInterceptorChain.proceed(RealInterceptorChain.java:121)
at org.openqa.selenium.remote.internal.OkHttpClient$Factory$1.lambda$createClient$1(OkHttpClient.java:152)
at okhttp3.internal.http.RealInterceptorChain.proceed(RealInterceptorChain.java:147)
at okhttp3.internal.connection.ConnectInterceptor.intercept(ConnectInterceptor.java:45)
at okhttp3.internal.http.RealInterceptorChain.proceed(RealInterceptorChain.java:147)
at okhttp3.internal.http.RealInterceptorChain.proceed(RealInterceptorChain.java:121)
at okhttp3.internal.cache.CacheInterceptor.intercept(CacheInterceptor.java:93)
at okhttp3.internal.http.RealInterceptorChain.proceed(RealInterceptorChain.java:147)
at okhttp3.internal.http.RealInterceptorChain.proceed(RealInterceptorChain.java:121)
at okhttp3.internal.http.BridgeInterceptor.intercept(BridgeInterceptor.java:93)
at okhttp3.internal.http.RealInterceptorChain.proceed(RealInterceptorChain.java:147)
at okhttp3.internal.http.RetryAndFollowUpInterceptor.intercept(RetryAndFollowUpInterceptor.java:126)
at okhttp3.internal.http.RealInterceptorChain.proceed(RealInterceptorChain.java:147)
at okhttp3.internal.http.RealInterceptorChain.proceed(RealInterceptorChain.java:121)
at okhttp3.RealCall.getResponseWithInterceptorChain(RealCall.java:200)
at okhttp3.RealCall.execute(RealCall.java:77)
at org.openqa.selenium.remote.internal.OkHttpClient.execute(OkHttpClient.java:103)
at org.openqa.selenium.remote.ProtocolHandshake.createSession(ProtocolHandshake.java:105)
... 42 more
]]>
    </failure>
  </testcase> <!-- @BeforeTest beforeTest -->
  <testcase classname="studi.co.testScripts.Study_Plan_Create_Plan" name="@AfterMethod restApp" time="0.0">
    <skipped/>
  </testcase> <!-- @AfterMethod restApp -->
  <testcase classname="studi.co.testScripts.Study_Plan_Create_Plan" name="@AfterMethod restApp" time="0.0">
    <skipped/>
  </testcase> <!-- @AfterMethod restApp -->
  <testcase classname="studi.co.testScripts.Study_Plan_Create_Plan" name="@AfterMethod restApp" time="0.0">
    <skipped/>
  </testcase> <!-- @AfterMethod restApp -->
  <testcase classname="studi.co.testScripts.Study_Plan_Create_Plan" name="@AfterMethod restApp" time="0.0">
    <skipped/>
  </testcase> <!-- @AfterMethod restApp -->
  <testcase classname="studi.co.testScripts.Study_Plan_Create_Plan" name="@AfterMethod restApp" time="0.0">
    <skipped/>
  </testcase> <!-- @AfterMethod restApp -->
  <testcase classname="studi.co.testScripts.Study_Plan_Create_Plan" name="@AfterMethod restApp" time="0.0">
    <skipped/>
  </testcase> <!-- @AfterMethod restApp -->
  <testcase classname="studi.co.testScripts.Study_Plan_Create_Plan" name="@AfterMethod restApp" time="0.0">
    <skipped/>
  </testcase> <!-- @AfterMethod restApp -->
  <testcase classname="studi.co.Base.BaseClass" name="@AfterTest afterTest" time="0.0">
    <skipped/>
  </testcase> <!-- @AfterTest afterTest -->
  <testcase classname="studi.co.testScripts.Study_Plan_Create_Plan" name="TC01_To_Verify_user_is_able_to_unflag_Book_for_which_the_user_dont_wants_to_pay_extra_attention" time="0.0">
    <skipped/>
  </testcase> <!-- TC01_To_Verify_user_is_able_to_unflag_Book_for_which_the_user_dont_wants_to_pay_extra_attention -->
  <testcase classname="studi.co.testScripts.Study_Plan_Create_Plan" name="TC02_To_Verify_user_is_able_create_another_study_plan" time="0.0">
    <skipped/>
  </testcase> <!-- TC02_To_Verify_user_is_able_create_another_study_plan -->
  <testcase classname="studi.co.testScripts.Study_Plan_Create_Plan" name="TC03_To_verify_user_is_able_to_see_the_previous_plan" time="0.0">
    <skipped/>
  </testcase> <!-- TC03_To_verify_user_is_able_to_see_the_previous_plan -->
  <testcase classname="studi.co.testScripts.Study_Plan_Create_Plan" name="TC04_To_Verify_check_uncheck_for_Filteration" time="0.0">
    <skipped/>
  </testcase> <!-- TC04_To_Verify_check_uncheck_for_Filteration -->
  <testcase classname="studi.co.testScripts.Study_Plan_Create_Plan" name="TC06_To_verify_scheduled_plan_view_for_plan_not_started" time="0.0">
    <skipped/>
  </testcase> <!-- TC06_To_verify_scheduled_plan_view_for_plan_not_started -->
  <testcase classname="studi.co.testScripts.Study_Plan_Create_Plan" name="TC07_To_verify_Week_Cycle_plan_which_is_started_in_the_middle_of_week_days" time="0.0">
    <skipped/>
  </testcase> <!-- TC07_To_verify_Week_Cycle_plan_which_is_started_in_the_middle_of_week_days -->
  <testcase classname="studi.co.testScripts.Study_Plan_Create_Plan" name="TC08_To_verify_scheduled_plan_view_for_no_lesson_scheduled" time="0.0">
    <skipped/>
  </testcase> <!-- TC08_To_verify_scheduled_plan_view_for_no_lesson_scheduled -->
</testsuite> <!-- Default test -->
