<?xml version="1.0" encoding="UTF-8"?>
<!-- Generated by org.testng.reporters.JUnitXMLReporter -->
<testsuite ignored="2" hostname="DESKTOP-JHURRHK" failures="0" tests="1" name="Default test" time="0.066" errors="0" timestamp="01 Jan 2021 09:57:41 GMT">
  <testcase classname="studi.co.Base.BaseClass" name="@BeforeTest beforeTest" time="0.0">
    <failure type="org.testng.TestNGException" message="
Parameter &amp;apos;type&amp;apos; is required by BeforeTest on method beforeTest but has not been marked @Optional or defined
in C:\Users\Dell\AppData\Local\Temp\testng-eclipse--72118331\testng-customsuite.xml">
      <![CDATA[org.testng.TestNGException: 
Parameter 'type' is required by BeforeTest on method beforeTest but has not been marked @Optional or defined
in C:\Users\Dell\AppData\Local\Temp\testng-eclipse--72118331\testng-customsuite.xml
at org.testng.internal.Parameters.createParams(Parameters.java:290)
at org.testng.internal.Parameters.createParametersForMethod(Parameters.java:359)
at org.testng.internal.Parameters.createParameters(Parameters.java:620)
at org.testng.internal.Parameters.createConfigurationParameters(Parameters.java:190)
at org.testng.internal.Invoker.invokeConfigurations(Invoker.java:209)
at org.testng.internal.Invoker.invokeConfigurations(Invoker.java:142)
at org.testng.TestRunner.beforeRun(TestRunner.java:529)
at org.testng.TestRunner.run(TestRunner.java:497)
at org.testng.SuiteRunner.runTest(SuiteRunner.java:455)
at org.testng.SuiteRunner.runSequentially(SuiteRunner.java:450)
at org.testng.SuiteRunner.privateRun(SuiteRunner.java:415)
at org.testng.SuiteRunner.run(SuiteRunner.java:364)
at org.testng.SuiteRunnerWorker.runSuite(SuiteRunnerWorker.java:52)
at org.testng.SuiteRunnerWorker.run(SuiteRunnerWorker.java:84)
at org.testng.TestNG.runSuitesSequentially(TestNG.java:1208)
at org.testng.TestNG.runSuitesLocally(TestNG.java:1137)
at org.testng.TestNG.runSuites(TestNG.java:1049)
at org.testng.TestNG.run(TestNG.java:1017)
at org.testng.remote.AbstractRemoteTestNG.run(AbstractRemoteTestNG.java:115)
at org.testng.remote.RemoteTestNG.initAndRun(RemoteTestNG.java:251)
at org.testng.remote.RemoteTestNG.main(RemoteTestNG.java:77)
]]>
    </failure>
  </testcase> <!-- @BeforeTest beforeTest -->
  <testcase classname="studi.co.testScripts.AFS_UserStory_77" name="@BeforeMethod Validate_Login" time="0.0">
    <skipped/>
  </testcase> <!-- @BeforeMethod Validate_Login -->
  <testcase classname="studi.co.testScripts.AFS_UserStory_77" name="findImage" time="0.0">
    <skipped/>
  </testcase> <!-- findImage -->
  <testcase classname="studi.co.testScripts.AFS_UserStory_77" name="TC01_Verify_Receive_SCQ_Questions_In_Revision" time="0.0">
    <ignored/>
  </testcase> <!-- TC01_Verify_Receive_SCQ_Questions_In_Revision -->
  <testcase classname="studi.co.testScripts.AFS_UserStory_77" name="TC02_Verify_Receive_SCQ_Questions_Default_State_In_Revision" time="0.0">
    <ignored/>
  </testcase> <!-- TC02_Verify_Receive_SCQ_Questions_Default_State_In_Revision -->
</testsuite> <!-- Default test -->
