<?xml version="1.0" encoding="UTF-8"?>
<!-- Generated by org.testng.reporters.JUnitXMLReporter -->
<testsuite ignored="38" hostname="DESKTOP-JHURRHK" failures="0" tests="0" time="0.043" errors="0" timestamp="11 Jan 2021 13:38:08 GMT">
  <testcase classname="studi.co.Base.BaseClass" name="@BeforeTest beforeTest" time="0.0">
    <failure type="org.testng.TestNGException" message="
Parameter &amp;apos;type&amp;apos; is required by BeforeTest on method beforeTest but has not been marked @Optional or defined
in C:\Users\Dell\AppData\Local\Temp\testng-eclipse--1846977065\testng-customsuite.xml">
      <![CDATA[org.testng.TestNGException: 
Parameter 'type' is required by BeforeTest on method beforeTest but has not been marked @Optional or defined
in C:\Users\Dell\AppData\Local\Temp\testng-eclipse--1846977065\testng-customsuite.xml
at org.testng.internal.Parameters.createParams(Parameters.java:290)
at org.testng.internal.Parameters.createParametersForMethod(Parameters.java:359)
at org.testng.internal.Parameters.createParameters(Parameters.java:620)
at org.testng.internal.Parameters.createConfigurationParameters(Parameters.java:190)
at org.testng.internal.Invoker.invokeConfigurations(Invoker.java:209)
at org.testng.internal.Invoker.invokeConfigurations(Invoker.java:142)
at org.testng.TestRunner.beforeRun(TestRunner.java:529)
at org.testng.TestRunner.run(TestRunner.java:497)
at org.testng.SuiteRunner.runTest(SuiteRunner.java:455)
at org.testng.SuiteRunner.runSequentially(SuiteRunner.java:450)
at org.testng.SuiteRunner.privateRun(SuiteRunner.java:415)
at org.testng.SuiteRunner.run(SuiteRunner.java:364)
at org.testng.SuiteRunnerWorker.runSuite(SuiteRunnerWorker.java:52)
at org.testng.SuiteRunnerWorker.run(SuiteRunnerWorker.java:84)
at org.testng.TestNG.runSuitesSequentially(TestNG.java:1208)
at org.testng.TestNG.runSuitesLocally(TestNG.java:1137)
at org.testng.TestNG.runSuites(TestNG.java:1049)
at org.testng.TestNG.run(TestNG.java:1017)
at org.testng.remote.AbstractRemoteTestNG.run(AbstractRemoteTestNG.java:115)
at org.testng.remote.RemoteTestNG.initAndRun(RemoteTestNG.java:251)
at org.testng.remote.RemoteTestNG.main(RemoteTestNG.java:77)
]]>
    </failure>
  </testcase> <!-- @BeforeTest beforeTest -->
  <testcase classname="studi.co.testScripts.AFS_UserStory_76" name="Receive_MCQ_Questions_Practice" time="0.0">
    <ignored/>
  </testcase> <!-- Receive_MCQ_Questions_Practice -->
  <testcase classname="studi.co.testScripts.AFS_UserStory_76" name="TC24_To_Verify_Multiple_Answers_Shown_For_MCQ_In_Test" time="0.0">
    <ignored/>
  </testcase> <!-- TC24_To_Verify_Multiple_Answers_Shown_For_MCQ_In_Test -->
  <testcase classname="studi.co.testScripts.AFS_UserStory_76" name="TC28_To_Verify_Correct_Feedback_Shown_Under_Hamburger_Menu_In_Test" time="0.0">
    <ignored/>
  </testcase> <!-- TC28_To_Verify_Correct_Feedback_Shown_Under_Hamburger_Menu_In_Test -->
  <testcase classname="studi.co.testScripts.AFS_UserStory_76" name="TC31_To_Verify_User_Should_Be_Able_To_Flag_The_MCQ_Question_In_Test" time="0.0">
    <ignored/>
  </testcase> <!-- TC31_To_Verify_User_Should_Be_Able_To_Flag_The_MCQ_Question_In_Test -->
  <testcase classname="studi.co.testScripts.AFS_UserStory_76" name="TC13_To_Verify_MCQ_Answers_Is_In_Default_State_In_Practice" time="0.0">
    <ignored/>
  </testcase> <!-- TC13_To_Verify_MCQ_Answers_Is_In_Default_State_In_Practice -->
  <testcase classname="studi.co.testScripts.AFS_UserStory_76" name="TC27_To_Verify_Correct_Feedback_Shown_After_MCQ_Answer_Selection_In_Test" time="0.0">
    <ignored/>
  </testcase> <!-- TC27_To_Verify_Correct_Feedback_Shown_After_MCQ_Answer_Selection_In_Test -->
  <testcase classname="studi.co.testScripts.AFS_UserStory_76" name="View_Chapter_Listing_Page_Content" time="0.0">
    <ignored/>
  </testcase> <!-- View_Chapter_Listing_Page_Content -->
  <testcase classname="studi.co.testScripts.AFS_UserStory_76" name="TC03_Verify_RadioButtons_For_Answers_In_Revision" time="0.0">
    <ignored/>
  </testcase> <!-- TC03_Verify_RadioButtons_For_Answers_In_Revision -->
  <testcase classname="studi.co.testScripts.AFS_UserStory_76" name="TC30_To_Verify_User_Should_Be_Able_To_Flag_The_MCQ_Question_With_Hamburger_In_Test" time="0.0">
    <ignored/>
  </testcase> <!-- TC30_To_Verify_User_Should_Be_Able_To_Flag_The_MCQ_Question_With_Hamburger_In_Test -->
  <testcase classname="studi.co.testScripts.AFS_UserStory_76" name="TC26_To_Verify_Only_Single_MSQ_Answer_Can_Be_Select_In_Test" time="0.0">
    <ignored/>
  </testcase> <!-- TC26_To_Verify_Only_Single_MSQ_Answer_Can_Be_Select_In_Test -->
  <testcase classname="studi.co.testScripts.AFS_UserStory_76" name="Verify_Create_Study_Plan" time="0.0">
    <ignored/>
  </testcase> <!-- Verify_Create_Study_Plan -->
  <testcase classname="studi.co.testScripts.AFS_UserStory_76" name="TC25_To_Verify_MCQ_Answers_Can_Be_Select_In_Test" time="0.0">
    <ignored/>
  </testcase> <!-- TC25_To_Verify_MCQ_Answers_Can_Be_Select_In_Test -->
  <testcase classname="studi.co.testScripts.AFS_UserStory_76" name="TC14_To_Verify_Multiple_Answers_Shown_For_MCQ_In_Practice" time="0.0">
    <ignored/>
  </testcase> <!-- TC14_To_Verify_Multiple_Answers_Shown_For_MCQ_In_Practice -->
  <testcase classname="studi.co.testScripts.AFS_UserStory_76" name="TC04_Verify_MCQ_Answers_Can_Be_Select_or_Unselect_In_Revision" time="0.0">
    <ignored/>
  </testcase> <!-- TC04_Verify_MCQ_Answers_Can_Be_Select_or_Unselect_In_Revision -->
  <testcase classname="studi.co.testScripts.AFS_UserStory_76" name="TC33_To_Verify_User_Can_Abond_MCQ_Quiz_In_Test" time="0.0">
    <ignored/>
  </testcase> <!-- TC33_To_Verify_User_Can_Abond_MCQ_Quiz_In_Test -->
  <testcase classname="studi.co.testScripts.AFS_UserStory_76" name="Recieve_MCQ_Questions_DefaultState" time="0.0">
    <ignored/>
  </testcase> <!-- Recieve_MCQ_Questions_DefaultState -->
  <testcase classname="studi.co.testScripts.AFS_UserStory_76" name="Review_Plan_Tab" time="0.0">
    <ignored/>
  </testcase> <!-- Review_Plan_Tab -->
  <testcase classname="studi.co.testScripts.AFS_UserStory_76" name="TC29_To_Verify_Attempting_MCQ_Quiz_Is_Not_Mandatory_In_Test" time="0.0">
    <ignored/>
  </testcase> <!-- TC29_To_Verify_Attempting_MCQ_Quiz_Is_Not_Mandatory_In_Test -->
  <testcase classname="studi.co.testScripts.AFS_UserStory_76" name="Recieve_MCQ_Questions_Revision" time="0.0">
    <ignored/>
  </testcase> <!-- Recieve_MCQ_Questions_Revision -->
  <testcase classname="studi.co.testScripts.AFS_UserStory_76" name="TC22_To_Verify_Receive_MCQ_Questions_In_Test" time="0.0">
    <ignored/>
  </testcase> <!-- TC22_To_Verify_Receive_MCQ_Questions_In_Test -->
  <testcase classname="studi.co.testScripts.AFS_UserStory_76" name="View_Chapter_Details" time="0.0">
    <ignored/>
  </testcase> <!-- View_Chapter_Details -->
  <testcase classname="studi.co.testScripts.AFS_UserStory_76" name="TC14_Verify_Answer_Options__In_Practice" time="0.0">
    <ignored/>
  </testcase> <!-- TC14_Verify_Answer_Options__In_Practice -->
  <testcase classname="studi.co.testScripts.AFS_UserStory_76" name="TC12_Verify_MCQ_Questions_In_Pratice" time="0.0">
    <ignored/>
  </testcase> <!-- TC12_Verify_MCQ_Questions_In_Pratice -->
  <testcase classname="studi.co.testScripts.AFS_UserStory_76" name="Confirm_Syllabus_Tab" time="0.0">
    <ignored/>
  </testcase> <!-- Confirm_Syllabus_Tab -->
  <testcase classname="studi.co.testScripts.AFS_UserStory_76" name="TC08_Verify_Feedback_For_Answers_In_Revision" time="0.0">
    <ignored/>
  </testcase> <!-- TC08_Verify_Feedback_For_Answers_In_Revision -->
  <testcase classname="studi.co.testScripts.AFS_UserStory_76" name="Mark_Completed_In_School_Manaually" time="0.0">
    <ignored/>
  </testcase> <!-- Mark_Completed_In_School_Manaually -->
  <testcase classname="studi.co.testScripts.AFS_UserStory_76" name="TC32_To_Verify_Marks_Shown_With_MCQ_In_Test" time="0.0">
    <ignored/>
  </testcase> <!-- TC32_To_Verify_Marks_Shown_With_MCQ_In_Test -->
  <testcase classname="studi.co.testScripts.AFS_UserStory_76" name="Completed_In_School_Status_Chapter" time="0.0">
    <ignored/>
  </testcase> <!-- Completed_In_School_Status_Chapter -->
  <testcase classname="studi.co.testScripts.AFS_UserStory_76" name="TC20_Verify_Attempts_In_Practice_Module" time="0.0">
    <ignored/>
  </testcase> <!-- TC20_Verify_Attempts_In_Practice_Module -->
  <testcase classname="studi.co.testScripts.AFS_UserStory_76" name="TC15_Verify_Answers_Are_Selectable_And_Deselectable_In_Practice" time="0.0">
    <ignored/>
  </testcase> <!-- TC15_Verify_Answers_Are_Selectable_And_Deselectable_In_Practice -->
  <testcase classname="studi.co.testScripts.AFS_UserStory_76" name="TC03_Verify_Answer_Options_In_Revision" time="0.0">
    <ignored/>
  </testcase> <!-- TC03_Verify_Answer_Options_In_Revision -->
  <testcase classname="studi.co.testScripts.AFS_UserStory_76" name="Navigate_Revision_From_Topic_Listing" time="0.0">
    <ignored/>
  </testcase> <!-- Navigate_Revision_From_Topic_Listing -->
  <testcase classname="studi.co.testScripts.AFS_UserStory_76" name="TC18_Verify_Answer_Feedback_Is_Correct_In_Practice" time="0.0">
    <ignored/>
  </testcase> <!-- TC18_Verify_Answer_Feedback_Is_Correct_In_Practice -->
  <testcase classname="studi.co.testScripts.AFS_UserStory_76" name="Confirm_Syllabus_Page_Tappable" time="0.0">
    <ignored/>
  </testcase> <!-- Confirm_Syllabus_Page_Tappable -->
  <testcase classname="studi.co.testScripts.AFS_UserStory_76" name="TC23_Module_Receive_MCQ_Answers_In_Default_State_In_Test" time="0.0">
    <ignored/>
  </testcase> <!-- TC23_Module_Receive_MCQ_Answers_In_Default_State_In_Test -->
  <testcase classname="studi.co.testScripts.AFS_UserStory_76" name="TC10_Select_All_Answers_And_Verify_Feedback" time="0.0">
    <ignored/>
  </testcase> <!-- TC10_Select_All_Answers_And_Verify_Feedback -->
  <testcase classname="studi.co.testScripts.AFS_UserStory_76" name="TC11_Verify_Abandon_Quiz_From_Revision" time="0.0">
    <ignored/>
  </testcase> <!-- TC11_Verify_Abandon_Quiz_From_Revision -->
  <testcase classname="studi.co.testScripts.AFS_UserStory_76" name="Mark_Excluded_From_Syllabus_Manually" time="0.0">
    <ignored/>
  </testcase> <!-- Mark_Excluded_From_Syllabus_Manually -->
</testsuite>
