<?xml version="1.0" encoding="UTF-8"?>
<!-- Generated by org.testng.reporters.JUnitXMLReporter -->
<testsuite hostname="DESKTOP-T777DIF" name="Default test" tests="1" failures="0" timestamp="1 Dec 2020 13:53:18 GMT" time="0.056" errors="0">
  <testcase name="@BeforeTest beforeTest" time="0.0" classname="studi.co.testScripts.TC08_Verify_Feedback_for_Answers_in_Revision">
    <failure type="org.testng.TestNGException" message="
Parameter &amp;apos;type&amp;apos; is required by @Configuration on method beforeTest but has not been marked @Optional or defined
in C:\Users\Admin\AppData\Local\Temp\testng-eclipse--1298760916\testng-customsuite.xml">
      <![CDATA[org.testng.TestNGException: 
Parameter 'type' is required by @Configuration on method beforeTest but has not been marked @Optional or defined
in C:\Users\Admin\AppData\Local\Temp\testng-eclipse--1298760916\testng-customsuite.xml
	at org.testng.internal.Parameters.createParameters(Parameters.java:159)
	at org.testng.internal.Parameters.createParameters(Parameters.java:372)
	at org.testng.internal.Parameters.createConfigurationParameters(Parameters.java:90)
	at org.testng.internal.Invoker.invokeConfigurations(Invoker.java:199)
	at org.testng.internal.Invoker.invokeConfigurations(Invoker.java:140)
	at org.testng.TestRunner.beforeRun(TestRunner.java:645)
	at org.testng.TestRunner.run(TestRunner.java:613)
	at org.testng.SuiteRunner.runTest(SuiteRunner.java:357)
	at org.testng.SuiteRunner.runSequentially(SuiteRunner.java:352)
	at org.testng.SuiteRunner.privateRun(SuiteRunner.java:310)
	at org.testng.SuiteRunner.run(SuiteRunner.java:259)
	at org.testng.SuiteRunnerWorker.runSuite(SuiteRunnerWorker.java:52)
	at org.testng.SuiteRunnerWorker.run(SuiteRunnerWorker.java:86)
	at org.testng.TestNG.runSuitesSequentially(TestNG.java:1200)
	at org.testng.TestNG.runSuitesLocally(TestNG.java:1125)
	at org.testng.TestNG.run(TestNG.java:1033)
	at org.testng.remote.RemoteTestNG.run(RemoteTestNG.java:111)
	at org.testng.remote.RemoteTestNG.initAndRun(RemoteTestNG.java:204)
	at org.testng.remote.RemoteTestNG.main(RemoteTestNG.java:175)
]]>
    </failure>
  </testcase> <!-- @BeforeTest beforeTest -->
  <testcase name="@AfterMethod teardown" time="0.0" classname="studi.co.testScripts.TC08_Verify_Feedback_for_Answers_in_Revision">
    <skipped/>
  </testcase> <!-- @AfterMethod teardown -->
  <testcase name="@AfterTest afterTest" time="0.0" classname="studi.co.testScripts.TC08_Verify_Feedback_for_Answers_in_Revision">
    <skipped/>
  </testcase> <!-- @AfterTest afterTest -->
  <testcase name="verify_feedback_for_answers" time="0.0" classname="studi.co.testScripts.TC08_Verify_Feedback_for_Answers_in_Revision">
    <skipped/>
  </testcase> <!-- verify_feedback_for_answers -->
</testsuite> <!-- Default test -->
