<?xml version="1.0" encoding="UTF-8"?>
<!-- Generated by org.testng.reporters.JUnitXMLReporter -->
<testsuite ignored="2" hostname="DESKTOP-TMI6UL6" failures="0" tests="14" name="Default test" time="0.133" errors="0" timestamp="30 Jul 2021 12:16:51 GMT">
  <testcase classname="studi.co.Base.BaseClass" name="@BeforeTest beforeTest" time="0.0">
    <failure type="org.testng.TestNGException" message="
Parameter &amp;apos;type&amp;apos; is required by BeforeTest on method beforeTest but has not been marked @Optional or defined
in C:\Users\LENOVO\AppData\Local\Temp\testng-eclipse--1089541218\testng-customsuite.xml">
      <![CDATA[org.testng.TestNGException: 
Parameter 'type' is required by BeforeTest on method beforeTest but has not been marked @Optional or defined
in C:\Users\LENOVO\AppData\Local\Temp\testng-eclipse--1089541218\testng-customsuite.xml
at org.testng.internal.Parameters.createParams(Parameters.java:290)
at org.testng.internal.Parameters.createParametersForMethod(Parameters.java:359)
at org.testng.internal.Parameters.createParameters(Parameters.java:620)
at org.testng.internal.Parameters.createConfigurationParameters(Parameters.java:190)
at org.testng.internal.Invoker.invokeConfigurations(Invoker.java:209)
at org.testng.internal.Invoker.invokeConfigurations(Invoker.java:142)
at org.testng.TestRunner.beforeRun(TestRunner.java:529)
at org.testng.TestRunner.run(TestRunner.java:497)
at org.testng.SuiteRunner.runTest(SuiteRunner.java:455)
at org.testng.SuiteRunner.runSequentially(SuiteRunner.java:450)
at org.testng.SuiteRunner.privateRun(SuiteRunner.java:415)
at org.testng.SuiteRunner.run(SuiteRunner.java:364)
at org.testng.SuiteRunnerWorker.runSuite(SuiteRunnerWorker.java:52)
at org.testng.SuiteRunnerWorker.run(SuiteRunnerWorker.java:84)
at org.testng.TestNG.runSuitesSequentially(TestNG.java:1208)
at org.testng.TestNG.runSuitesLocally(TestNG.java:1137)
at org.testng.TestNG.runSuites(TestNG.java:1049)
at org.testng.TestNG.run(TestNG.java:1017)
at org.testng.remote.AbstractRemoteTestNG.run(AbstractRemoteTestNG.java:115)
at org.testng.remote.RemoteTestNG.initAndRun(RemoteTestNG.java:251)
at org.testng.remote.RemoteTestNG.main(RemoteTestNG.java:77)
]]>
    </failure>
  </testcase> <!-- @BeforeTest beforeTest -->
  <testcase classname="studi.co.testScripts.Assignment_Listing" name="@AfterMethod restApp" time="0.0">
    <skipped/>
  </testcase> <!-- @AfterMethod restApp -->
  <testcase classname="studi.co.testScripts.Assignment_Listing" name="@AfterMethod restApp" time="0.0">
    <skipped/>
  </testcase> <!-- @AfterMethod restApp -->
  <testcase classname="studi.co.testScripts.Assignment_Listing" name="@AfterMethod restApp" time="0.0">
    <skipped/>
  </testcase> <!-- @AfterMethod restApp -->
  <testcase classname="studi.co.testScripts.Assignment_Listing" name="@AfterMethod restApp" time="0.0">
    <skipped/>
  </testcase> <!-- @AfterMethod restApp -->
  <testcase classname="studi.co.testScripts.Assignment_Listing" name="@AfterMethod restApp" time="0.0">
    <skipped/>
  </testcase> <!-- @AfterMethod restApp -->
  <testcase classname="studi.co.testScripts.Assignment_Listing" name="@AfterMethod restApp" time="0.0">
    <skipped/>
  </testcase> <!-- @AfterMethod restApp -->
  <testcase classname="studi.co.testScripts.Assignment_Listing" name="@AfterMethod restApp" time="0.0">
    <skipped/>
  </testcase> <!-- @AfterMethod restApp -->
  <testcase classname="studi.co.testScripts.Assignment_Listing" name="@AfterMethod restApp" time="0.0">
    <skipped/>
  </testcase> <!-- @AfterMethod restApp -->
  <testcase classname="studi.co.testScripts.Assignment_Listing" name="@AfterMethod restApp" time="0.0">
    <skipped/>
  </testcase> <!-- @AfterMethod restApp -->
  <testcase classname="studi.co.testScripts.Assignment_Listing" name="@AfterMethod restApp" time="0.0">
    <skipped/>
  </testcase> <!-- @AfterMethod restApp -->
  <testcase classname="studi.co.testScripts.Assignment_Listing" name="@AfterMethod restApp" time="0.0">
    <skipped/>
  </testcase> <!-- @AfterMethod restApp -->
  <testcase classname="studi.co.testScripts.Assignment_Listing" name="@AfterMethod restApp" time="0.0">
    <skipped/>
  </testcase> <!-- @AfterMethod restApp -->
  <testcase classname="studi.co.testScripts.Assignment_Listing" name="@AfterMethod restApp" time="0.0">
    <skipped/>
  </testcase> <!-- @AfterMethod restApp -->
  <testcase classname="studi.co.testScripts.Assignment_Listing" name="@AfterMethod restApp" time="0.0">
    <skipped/>
  </testcase> <!-- @AfterMethod restApp -->
  <testcase classname="studi.co.Base.BaseClass" name="@AfterTest afterTest" time="0.0">
    <skipped/>
  </testcase> <!-- @AfterTest afterTest -->
  <testcase classname="studi.co.testScripts.Assignment_Listing" name="TC06_To_Verify_All_Assignments_are_Represents_With_Due_Date_of_That_Assignment" time="0.0">
    <skipped/>
  </testcase> <!-- TC06_To_Verify_All_Assignments_are_Represents_With_Due_Date_of_That_Assignment -->
  <testcase classname="studi.co.testScripts.Assignment_Listing" name="TC12_Once_the_Assignment_is_created__Alert_Notification_of_Success_message_should_be_Displayed" time="0.0">
    <skipped/>
  </testcase> <!-- TC12_Once_the_Assignment_is_created__Alert_Notification_of_Success_message_should_be_Displayed -->
  <testcase classname="studi.co.testScripts.Assignment_Listing" name="TC16_To_Verify_the_scrolling_functionality" time="0.0">
    <skipped/>
  </testcase> <!-- TC16_To_Verify_the_scrolling_functionality -->
  <testcase classname="studi.co.testScripts.Assignment_Listing" name="TC21_To_Verify_Total_Due_Resources_shown_to_user_In_each_section" time="0.0">
    <skipped/>
  </testcase> <!-- TC21_To_Verify_Total_Due_Resources_shown_to_user_In_each_section -->
  <testcase classname="studi.co.testScripts.Assignment_Listing" name="TC01_Verify_User_Should_Be_Able_To_See_Listing_Of_Today_Upcoming_Completed_Assignments" time="0.0">
    <skipped/>
  </testcase> <!-- TC01_Verify_User_Should_Be_Able_To_See_Listing_Of_Today_Upcoming_Completed_Assignments -->
  <testcase classname="studi.co.testScripts.Assignment_Listing" name="TC02_Verify_intent_creation_module_using_that_User_can_create_test_for_Students" time="0.0">
    <skipped/>
  </testcase> <!-- TC02_Verify_intent_creation_module_using_that_User_can_create_test_for_Students -->
  <testcase classname="studi.co.testScripts.Assignment_Listing" name="TC03_To_verify_items_of_today_Upcoming_shown_prominently_on_the_listing_page" time="0.0">
    <skipped/>
  </testcase> <!-- TC03_To_verify_items_of_today_Upcoming_shown_prominently_on_the_listing_page -->
  <testcase classname="studi.co.testScripts.Assignment_Listing" name="TC04_To_verify_Newly_Created_Assignments_In_Todays_Task_Are_Shown_With_New_Icon" time="0.0">
    <skipped/>
  </testcase> <!-- TC04_To_verify_Newly_Created_Assignments_In_Todays_Task_Are_Shown_With_New_Icon -->
  <testcase classname="studi.co.testScripts.Assignment_Listing" name="TC07_To_Verify_If_User_Does_Not_Complete_The_Assignment_On_Certain_Due_Date_Count_Of_Extra_Days_Will_Be_Shown_Above_The_Date" time="0.0">
    <skipped/>
  </testcase> <!-- TC07_To_Verify_If_User_Does_Not_Complete_The_Assignment_On_Certain_Due_Date_Count_Of_Extra_Days_Will_Be_Shown_Above_The_Date -->
  <testcase classname="studi.co.testScripts.Assignment_Listing" name="TC08_attachment_icon_will_be_shown_in_case_there_any_attachment_assignment" time="0.0">
    <skipped/>
  </testcase> <!-- TC08_attachment_icon_will_be_shown_in_case_there_any_attachment_assignment -->
  <testcase classname="studi.co.testScripts.Assignment_Listing" name="TC11_after_selecting_topic_new_assignment_is_created_with_label_new" time="0.0">
    <skipped/>
  </testcase> <!-- TC11_after_selecting_topic_new_assignment_is_created_with_label_new -->
  <testcase classname="studi.co.testScripts.Assignment_Listing" name="TC14_To_Verify_when_User_clicks_on_View_completed_link_all_completed_assignments_shown_to_user" time="0.0">
    <skipped/>
  </testcase> <!-- TC14_To_Verify_when_User_clicks_on_View_completed_link_all_completed_assignments_shown_to_user -->
  <testcase classname="studi.co.testScripts.Assignment_Listing" name="TC23_To_Verify_On_Completed_Assignment_List_actul_Task_Complete_Date_is_Shown" time="0.0">
    <skipped/>
  </testcase> <!-- TC23_To_Verify_On_Completed_Assignment_List_actul_Task_Complete_Date_is_Shown -->
  <testcase classname="studi.co.testScripts.Assignment_Listing" name="TC24_To_Verify_that_On_Listing_Page_User_able_to_Create_Task_And_Both_Type_of_Test" time="0.0">
    <skipped/>
  </testcase> <!-- TC24_To_Verify_that_On_Listing_Page_User_able_to_Create_Task_And_Both_Type_of_Test -->
  <testcase classname="studi.co.testScripts.Assignment_Listing" name="TC05_To_Verify_New_Created_Tasks_Icon_Once_User_Exits_The_Current_Screen_And_Comes_Back_New_will_not_be_shown" time="0.0">
    <ignored/>
  </testcase> <!-- TC05_To_Verify_New_Created_Tasks_Icon_Once_User_Exits_The_Current_Screen_And_Comes_Back_New_will_not_be_shown -->
  <testcase classname="studi.co.testScripts.Assignment_Listing" name="TC09_Assignment_wil_be_strikedThrough_if_user_completed_the_assignment_either_by_Mark_as_complete_or_actual_completion" time="0.0">
    <ignored/>
  </testcase> <!-- TC09_Assignment_wil_be_strikedThrough_if_user_completed_the_assignment_either_by_Mark_as_complete_or_actual_completion -->
</testsuite> <!-- Default test -->
