<?xml version="1.0" encoding="UTF-8"?>
<!-- Generated by org.testng.reporters.JUnitXMLReporter -->
<testsuite ignored="0" hostname="AKBAR" failures="0" tests="1" name="Default test" time="0.099" errors="0" timestamp="2020-11-04T19:16:58 IST">
  <testcase classname="studi.co.Base.BaseClass" name="@BeforeTest beforeTest" time="-1.604497618331E9">
    <failure type="org.testng.TestNGException" message="
Parameter &amp;apos;type&amp;apos; is required by BeforeTest on method beforeTest but has not been marked @Optional or defined
in C:\Users\Dell\AppData\Local\Temp\testng-eclipse-380613886\testng-customsuite.xml">
      <![CDATA[org.testng.TestNGException: 
Parameter 'type' is required by BeforeTest on method beforeTest but has not been marked @Optional or defined
in C:\Users\Dell\AppData\Local\Temp\testng-eclipse-380613886\testng-customsuite.xml
at org.testng.internal.Parameters.createParams(Parameters.java:268)
at org.testng.internal.Parameters.createParametersForMethod(Parameters.java:356)
at org.testng.internal.Parameters.createParameters(Parameters.java:700)
at org.testng.internal.Parameters.createConfigurationParameters(Parameters.java:166)
at org.testng.internal.ConfigInvoker.invokeConfigurations(ConfigInvoker.java:301)
at org.testng.TestRunner.invokeTestConfigurations(TestRunner.java:617)
at org.testng.TestRunner.beforeRun(TestRunner.java:607)
at org.testng.TestRunner.run(TestRunner.java:578)
at org.testng.SuiteRunner.runTest(SuiteRunner.java:384)
at org.testng.SuiteRunner.runSequentially(SuiteRunner.java:378)
at org.testng.SuiteRunner.privateRun(SuiteRunner.java:337)
at org.testng.SuiteRunner.run(SuiteRunner.java:286)
at org.testng.SuiteRunnerWorker.runSuite(SuiteRunnerWorker.java:53)
at org.testng.SuiteRunnerWorker.run(SuiteRunnerWorker.java:96)
at org.testng.TestNG.runSuitesSequentially(TestNG.java:1218)
at org.testng.TestNG.runSuitesLocally(TestNG.java:1140)
at org.testng.TestNG.runSuites(TestNG.java:1069)
at org.testng.TestNG.run(TestNG.java:1037)
at org.testng.remote.AbstractRemoteTestNG.run(AbstractRemoteTestNG.java:115)
at org.testng.remote.RemoteTestNG.initAndRun(RemoteTestNG.java:251)
at org.testng.remote.RemoteTestNG.main(RemoteTestNG.java:77)
]]>
    </failure>
  </testcase> <!-- @BeforeTest beforeTest -->
  <testcase classname="studi.co.Base.BaseClass" name="@AfterMethod teardown" time="-1.604497618412E9">
    <skipped/>
  </testcase> <!-- @AfterMethod teardown -->
  <testcase classname="studi.co.Base.BaseClass" name="@AfterTest afterTest" time="-1.604497618422E9">
    <skipped/>
  </testcase> <!-- @AfterTest afterTest -->
  <testcase classname="studi.co.testScripts.Login" name="Login_to_app" time="0.0">
    <skipped/>
  </testcase> <!-- Login_to_app -->
</testsuite> <!-- Default test -->
