<?xml version="1.0" encoding="UTF-8"?>
<!-- Generated by org.testng.reporters.JUnitXMLReporter -->
<testsuite hostname="INDRANEELGHULE" ignored="9" name="Default test" tests="1" failures="0" timestamp="19 Nov 2020 18:32:25 GMT" time="0.043" errors="0">
  <testcase name="@BeforeTest beforeTest" time="0.0" classname="studi.co.Base.BaseClass">
    <failure type="org.testng.TestNGException" message="
Parameter &amp;apos;type&amp;apos; is required by BeforeTest on method beforeTest but has not been marked @Optional or defined
in C:\Users\INDRANEEL GHULE\AppData\Local\Temp\testng-eclipse-825266438\testng-customsuite.xml">
      <![CDATA[org.testng.TestNGException: 
Parameter 'type' is required by BeforeTest on method beforeTest but has not been marked @Optional or defined
in C:\Users\INDRANEEL GHULE\AppData\Local\Temp\testng-eclipse-825266438\testng-customsuite.xml
at org.testng.internal.Parameters.createParams(Parameters.java:290)
at org.testng.internal.Parameters.createParametersForMethod(Parameters.java:359)
at org.testng.internal.Parameters.createParameters(Parameters.java:620)
at org.testng.internal.Parameters.createConfigurationParameters(Parameters.java:190)
at org.testng.internal.Invoker.invokeConfigurations(Invoker.java:209)
at org.testng.internal.Invoker.invokeConfigurations(Invoker.java:142)
at org.testng.TestRunner.beforeRun(TestRunner.java:529)
at org.testng.TestRunner.run(TestRunner.java:497)
at org.testng.SuiteRunner.runTest(SuiteRunner.java:455)
at org.testng.SuiteRunner.runSequentially(SuiteRunner.java:450)
at org.testng.SuiteRunner.privateRun(SuiteRunner.java:415)
at org.testng.SuiteRunner.run(SuiteRunner.java:364)
at org.testng.SuiteRunnerWorker.runSuite(SuiteRunnerWorker.java:52)
at org.testng.SuiteRunnerWorker.run(SuiteRunnerWorker.java:84)
at org.testng.TestNG.runSuitesSequentially(TestNG.java:1208)
at org.testng.TestNG.runSuitesLocally(TestNG.java:1137)
at org.testng.TestNG.runSuites(TestNG.java:1049)
at org.testng.TestNG.run(TestNG.java:1017)
at org.testng.remote.AbstractRemoteTestNG.run(AbstractRemoteTestNG.java:114)
at org.testng.remote.RemoteTestNG.initAndRun(RemoteTestNG.java:251)
at org.testng.remote.RemoteTestNG.main(RemoteTestNG.java:77)
]]>
    </failure>
  </testcase> <!-- @BeforeTest beforeTest -->
  <testcase name="@AfterMethod teardown" time="0.0" classname="studi.co.Base.BaseClass">
    <skipped/>
  </testcase> <!-- @AfterMethod teardown -->
  <testcase name="@AfterTest afterTest" time="0.0" classname="studi.co.Base.BaseClass">
    <skipped/>
  </testcase> <!-- @AfterTest afterTest -->
  <testcase name="Verify_user_should_be_able_to_view_the_available_Resource_of_bookshelf_1" time="0.0" classname="studi.co.testScripts.Study_Plan_Review_Active_Plan">
    <skipped/>
  </testcase> <!-- Verify_user_should_be_able_to_view_the_available_Resource_of_bookshelf_1 -->
  <testcase name="Verify_user_should_be_able_to_navigate_to_the_StrikedOut_Topics" time="0.0" classname="studi.co.testScripts.Study_Plan_Review_Active_Plan">
    <ignored/>
  </testcase> <!-- Verify_user_should_be_able_to_navigate_to_the_StrikedOut_Topics -->
  <testcase name="Verify_User_should_be_shown_the_Status_Confidence_score_of_TP" time="0.0" classname="studi.co.testScripts.Study_Plan_Review_Active_Plan">
    <ignored/>
  </testcase> <!-- Verify_User_should_be_shown_the_Status_Confidence_score_of_TP -->
  <testcase name="Verify_the_user_should_be_able_to_Mark_the_TP_status_as_Completed_In_School_Manually" time="0.0" classname="studi.co.testScripts.Study_Plan_Review_Active_Plan">
    <ignored/>
  </testcase> <!-- Verify_the_user_should_be_able_to_Mark_the_TP_status_as_Completed_In_School_Manually -->
  <testcase name="Verify_user_should_be_able_to_view_the_available_Resource_of_bookshelf" time="0.0" classname="studi.co.testScripts.Study_Plan_Review_Active_Plan">
    <ignored/>
  </testcase> <!-- Verify_user_should_be_able_to_view_the_available_Resource_of_bookshelf -->
  <testcase name="Verify_the_user_should_be_able_to_Navigate_to_Notes_listing_page" time="0.0" classname="studi.co.testScripts.Study_Plan_Review_Active_Plan">
    <ignored/>
  </testcase> <!-- Verify_the_user_should_be_able_to_Navigate_to_Notes_listing_page -->
  <testcase name="Verify_the_user_should_be_able_to_Mark_the_TP_status_as_Excluded_from_Syllabus" time="0.0" classname="studi.co.testScripts.Study_Plan_Review_Active_Plan">
    <ignored/>
  </testcase> <!-- Verify_the_user_should_be_able_to_Mark_the_TP_status_as_Excluded_from_Syllabus -->
  <testcase name="Verify_User_should_be_shown_Excluded_from_Syllabus_Status_for_the_chapter_which_is_excluded_from_the_users_curriculum" time="0.0" classname="studi.co.testScripts.Study_Plan_Review_Active_Plan">
    <ignored/>
  </testcase> <!-- Verify_User_should_be_shown_Excluded_from_Syllabus_Status_for_the_chapter_which_is_excluded_from_the_users_curriculum -->
  <testcase name="Verify_user_should_be_able_to_navigate_to_review_plan" time="0.0" classname="studi.co.testScripts.Study_Plan_Review_Active_Plan">
    <ignored/>
  </testcase> <!-- Verify_user_should_be_able_to_navigate_to_review_plan -->
  <testcase name="Verify_the_user_should_be_able_to_Navigate_to_Practice_from_Topic" time="0.0" classname="studi.co.testScripts.Study_Plan_Review_Active_Plan">
    <ignored/>
  </testcase> <!-- Verify_the_user_should_be_able_to_Navigate_to_Practice_from_Topic -->
</testsuite> <!-- Default test -->
