<?xml version="1.0" encoding="UTF-8"?>
<!-- Generated by org.testng.reporters.JUnitXMLReporter -->
<testsuite ignored="10" hostname="DESKTOP-JHURRHK" failures="0" tests="1" name="Device 01" time="172.081" errors="0" timestamp="05 Jan 2021 14:29:10 GMT">
  <testcase classname="studi.co.testScripts.AFS_UserStory_77" name="TC18_To_Verify_Correct_Incorrect_Feedback_Shown_After_SCQ_Answer_Selection_In_Practice" time="110.123"/>
  <testcase classname="studi.co.testScripts.AFS_UserStory_77" name="TC05_To_Verify_Single_Answer_Is_Correct_For_SCQ_Question_In_Revision" time="0.0">
    <ignored/>
  </testcase> <!-- TC05_To_Verify_Single_Answer_Is_Correct_For_SCQ_Question_In_Revision -->
  <testcase classname="studi.co.testScripts.AFS_UserStory_77" name="TC17_To_Verify_Correct_Feedback_Shown_After_SCQ_Answer_Selection_In_Practice" time="0.0">
    <ignored/>
  </testcase> <!-- TC17_To_Verify_Correct_Feedback_Shown_After_SCQ_Answer_Selection_In_Practice -->
  <testcase classname="studi.co.testScripts.AFS_UserStory_77" name="TC13_To_Verify_SCQ_Answers_Is_In_Default_State_In_Practice" time="0.0">
    <ignored/>
  </testcase> <!-- TC13_To_Verify_SCQ_Answers_Is_In_Default_State_In_Practice -->
  <testcase classname="studi.co.testScripts.AFS_UserStory_77" name="TC04_To_Verify_SCQ_Answers_Can_Be_Select_In_Revision" time="0.0">
    <ignored/>
  </testcase> <!-- TC04_To_Verify_SCQ_Answers_Can_Be_Select_In_Revision -->
  <testcase classname="studi.co.testScripts.AFS_UserStory_77" name="TC02_To_Verify_SCQ_Answers_In_Default_State_In_Revision" time="0.0">
    <ignored/>
  </testcase> <!-- TC02_To_Verify_SCQ_Answers_In_Default_State_In_Revision -->
  <testcase classname="studi.co.testScripts.AFS_UserStory_77" name="TC01_To_Verify_Receive_SCQ_Questions_In_Revision" time="0.0">
    <ignored/>
  </testcase> <!-- TC01_To_Verify_Receive_SCQ_Questions_In_Revision -->
  <testcase classname="studi.co.testScripts.AFS_UserStory_77" name="TC16_To_Verify_Only_Single_SCQ_Answer_Can_Be_Select_In_Practice" time="0.0">
    <ignored/>
  </testcase> <!-- TC16_To_Verify_Only_Single_SCQ_Answer_Can_Be_Select_In_Practice -->
  <testcase classname="studi.co.testScripts.AFS_UserStory_77" name="TC15_To_Verify_SCQ_Answer_Can_Be_Select_In_Practice" time="0.0">
    <ignored/>
  </testcase> <!-- TC15_To_Verify_SCQ_Answer_Can_Be_Select_In_Practice -->
  <testcase classname="studi.co.testScripts.AFS_UserStory_77" name="TC14_To_Verify_Multiple_Answers_Shown_For_SCQ_In_Practice" time="0.0">
    <ignored/>
  </testcase> <!-- TC14_To_Verify_Multiple_Answers_Shown_For_SCQ_In_Practice -->
  <testcase classname="studi.co.testScripts.AFS_UserStory_77" name="TC12_To_Verify_Receive_SCQ_Questions_In_Practice" time="0.0">
    <ignored/>
  </testcase> <!-- TC12_To_Verify_Receive_SCQ_Questions_In_Practice -->
</testsuite> <!-- Device 01 -->
