<?xml version="1.0" encoding="UTF-8"?>
<!-- Generated by org.testng.reporters.JUnitXMLReporter -->
<testsuite hostname="DESKTOP-T777DIF" name="Device 01" tests="2" failures="0" timestamp="3 Dec 2020 15:11:58 GMT" time="0.047" errors="0">
  <testcase name="@BeforeSuite setUpDriver" time="0.0" classname="studi.co.testScripts.Login">
    <failure type="org.testng.TestNGException" message="
Parameter &amp;apos;type&amp;apos; is required by @Configuration on method setUpDriver but has not been marked @Optional or defined
in C:\Users\Admin\git\TATA_Studi\testng.xml">
      <![CDATA[org.testng.TestNGException: 
Parameter 'type' is required by @Configuration on method setUpDriver but has not been marked @Optional or defined
in C:\Users\Admin\git\TATA_Studi\testng.xml
... Removed 15 stack frames]]>
    </failure>
  </testcase> <!-- @BeforeSuite setUpDriver -->
  <testcase name="Validate_Login" time="0.015" classname="studi.co.testScripts.Login">
    <skipped/>
  </testcase> <!-- Validate_Login -->
  <testcase name="Receive_MCQ_Questions" time="0.0" classname="studi.co.testScripts.Receive_MCQ_Questions_Practice">
    <skipped/>
  </testcase> <!-- Receive_MCQ_Questions -->
</testsuite> <!-- Device 01 -->
