<?xml version="1.0" encoding="UTF-8"?>
<testng-results ignored="23" total="25" passed="2" failed="0" skipped="0">
  <reporter-output>
  </reporter-output>
  <suite started-at="2021-01-09T10:29:55Z" name="Suite" finished-at="2021-01-09T10:34:43Z" duration-ms="287903">
    <groups>
    </groups>
    <test started-at="2021-01-09T10:29:55Z" name="Device 01" finished-at="2021-01-09T10:34:43Z" duration-ms="287903">
      <class name="studi.co.testScripts.AFS_UserStory_77">
        <test-method is-config="true" signature="beforeTest(java.lang.String)[pri:0, instance:studi.co.testScripts.AFS_UserStory_77@2b76ff4e]" started-at="2021-01-09T10:29:56Z" name="beforeTest" finished-at="2021-01-09T10:30:13Z" duration-ms="17779" status="PASS">
          <params>
            <param index="0">
              <value>
                <![CDATA[Android]]>
              </value>
            </param>
          </params>
          <reporter-output>
          </reporter-output>
        </test-method> <!-- beforeTest -->
        <test-method is-config="true" signature="Validate_Login()[pri:0, instance:studi.co.testScripts.AFS_UserStory_77@2b76ff4e]" started-at="2021-01-09T10:30:13Z" name="Validate_Login" finished-at="2021-01-09T10:30:42Z" duration-ms="29011" status="PASS">
          <reporter-output>
          </reporter-output>
        </test-method> <!-- Validate_Login -->
        <test-method signature="TC32_To_Verify_Marks_Shown_With_SCQ_In_Test()[pri:0, instance:studi.co.testScripts.AFS_UserStory_77@2b76ff4e]" started-at="2021-01-09T10:30:42Z" name="TC32_To_Verify_Marks_Shown_With_SCQ_In_Test" finished-at="2021-01-09T10:32:14Z" duration-ms="91666" status="PASS">
          <reporter-output>
          </reporter-output>
        </test-method> <!-- TC32_To_Verify_Marks_Shown_With_SCQ_In_Test -->
        <test-method is-config="true" signature="restApp()[pri:0, instance:studi.co.testScripts.AFS_UserStory_77@2b76ff4e]" started-at="2021-01-09T10:32:14Z" name="restApp" finished-at="2021-01-09T10:32:27Z" duration-ms="12791" status="PASS">
          <reporter-output>
          </reporter-output>
        </test-method> <!-- restApp -->
        <test-method is-config="true" signature="Validate_Login()[pri:0, instance:studi.co.testScripts.AFS_UserStory_77@2b76ff4e]" started-at="2021-01-09T10:32:27Z" name="Validate_Login" finished-at="2021-01-09T10:32:55Z" duration-ms="28045" status="PASS">
          <reporter-output>
          </reporter-output>
        </test-method> <!-- Validate_Login -->
        <test-method signature="TC33_To_Verify_User_Can_Abond_SCQ_Quiz_In_Test()[pri:0, instance:studi.co.testScripts.AFS_UserStory_77@2b76ff4e]" started-at="2021-01-09T10:32:55Z" name="TC33_To_Verify_User_Can_Abond_SCQ_Quiz_In_Test" finished-at="2021-01-09T10:34:32Z" duration-ms="96947" status="PASS">
          <reporter-output>
          </reporter-output>
        </test-method> <!-- TC33_To_Verify_User_Can_Abond_SCQ_Quiz_In_Test -->
        <test-method is-config="true" signature="restApp()[pri:0, instance:studi.co.testScripts.AFS_UserStory_77@2b76ff4e]" started-at="2021-01-09T10:34:32Z" name="restApp" finished-at="2021-01-09T10:34:43Z" duration-ms="10670" status="PASS">
          <reporter-output>
          </reporter-output>
        </test-method> <!-- restApp -->
      </class> <!-- studi.co.testScripts.AFS_UserStory_77 -->
    </test> <!-- Device 01 -->
  </suite> <!-- Suite -->
</testng-results>
