<?xml version="1.0" encoding="UTF-8"?>
<testng-results skipped="0" failed="1" total="2" passed="1">
  <reporter-output>
  </reporter-output>
  <suite name="Suite" duration-ms="70498" started-at="2020-11-13T15:51:44Z" finished-at="2020-11-13T15:52:54Z">
    <groups>
    </groups>
    <test name="Device 01" duration-ms="70498" started-at="2020-11-13T15:51:44Z" finished-at="2020-11-13T15:52:54Z">
      <class name="studi.co.testScripts.Review_Plan_Tab">
        <test-method status="FAIL" signature="Verify_Review_Plan_Tab()[pri:0, instance:studi.co.testScripts.Review_Plan_Tab@22635ba0]" name="Verify_Review_Plan_Tab" duration-ms="38313" started-at="2020-11-13T21:22:16Z" finished-at="2020-11-13T21:22:54Z">
          <exception class="org.openqa.selenium.NoSuchElementException">
            <message>
              <![CDATA[An element could not be located on the page using the given search parameters.
For documentation on this error, please visit: http://seleniumhq.org/exceptions/no_such_element.html
Build info: version: '3.5.3', revision: 'a88d25fe6b', time: '2017-08-29T12:42:44.417Z'
System info: host: 'DESKTOP-T777DIF', ip: '192.168.225.178', os.name: 'Windows 10', os.arch: 'amd64', os.version: '10.0', java.version: '1.8.0_241'
Driver info: org.openqa.selenium.remote.RemoteWebDriver
Capabilities [{appPackage=com.tce.afs, deviceScreenSize=720x1280, networkConnectionEnabled=true, statBarHeight=48, warnings={}, viewportRect={top=48, left=0, width=720, height=1136}, databaseEnabled=false, deviceName=ZY223HQBHZ, platform=LINUX, deviceUDID=ZY223HQBHZ, appActivity=com.tce.view.ui.activities.SplashScreenActivity, desired={appPackage=com.tce.afs, appActivity=com.tce.view.ui.activities.SplashScreenActivity, newCommandTimeout=120, platformVersion=7, platformName=Android, deviceName=ZY223HQBHZ}, newCommandTimeout=120, platformVersion=7.1.1, pixelRatio=2, webStorageEnabled=false, locationContextEnabled=false, takesScreenshot=true, javascriptEnabled=true, deviceScreenDensity=320, deviceModel=Moto G Play, deviceApiLevel=25, deviceManufacturer=motorola, platformName=LINUX}]
Session ID: 690036b3-6ca1-465c-a8fa-9b4fc988167f
*** Element info: {Using=xpath, value=/hierarchy/android.widget.FrameLayout/android.widget.LinearLayout/android.widget.FrameLayout/android.widget.LinearLayout/android.widget.FrameLayout/android.view.ViewGroup/android.view.ViewGroup/android.widget.ScrollView/android.view.ViewGroup/android.view.ViewGroup[2]/android.widget.TextView[7]}]]>
            </message>
            <full-stacktrace>
              <![CDATA[org.openqa.selenium.NoSuchElementException: An element could not be located on the page using the given search parameters.
For documentation on this error, please visit: http://seleniumhq.org/exceptions/no_such_element.html
Build info: version: '3.5.3', revision: 'a88d25fe6b', time: '2017-08-29T12:42:44.417Z'
System info: host: 'DESKTOP-T777DIF', ip: '192.168.225.178', os.name: 'Windows 10', os.arch: 'amd64', os.version: '10.0', java.version: '1.8.0_241'
Driver info: org.openqa.selenium.remote.RemoteWebDriver
Capabilities [{appPackage=com.tce.afs, deviceScreenSize=720x1280, networkConnectionEnabled=true, statBarHeight=48, warnings={}, viewportRect={top=48, left=0, width=720, height=1136}, databaseEnabled=false, deviceName=ZY223HQBHZ, platform=LINUX, deviceUDID=ZY223HQBHZ, appActivity=com.tce.view.ui.activities.SplashScreenActivity, desired={appPackage=com.tce.afs, appActivity=com.tce.view.ui.activities.SplashScreenActivity, newCommandTimeout=120, platformVersion=7, platformName=Android, deviceName=ZY223HQBHZ}, newCommandTimeout=120, platformVersion=7.1.1, pixelRatio=2, webStorageEnabled=false, locationContextEnabled=false, takesScreenshot=true, javascriptEnabled=true, deviceScreenDensity=320, deviceModel=Moto G Play, deviceApiLevel=25, deviceManufacturer=motorola, platformName=LINUX}]
Session ID: 690036b3-6ca1-465c-a8fa-9b4fc988167f
*** Element info: {Using=xpath, value=/hierarchy/android.widget.FrameLayout/android.widget.LinearLayout/android.widget.FrameLayout/android.widget.LinearLayout/android.widget.FrameLayout/android.view.ViewGroup/android.view.ViewGroup/android.widget.ScrollView/android.view.ViewGroup/android.view.ViewGroup[2]/android.widget.TextView[7]}
	at sun.reflect.NativeConstructorAccessorImpl.newInstance0(Native Method)
	at sun.reflect.NativeConstructorAccessorImpl.newInstance(Unknown Source)
	at sun.reflect.DelegatingConstructorAccessorImpl.newInstance(Unknown Source)
	at java.lang.reflect.Constructor.newInstance(Unknown Source)
	at org.openqa.selenium.remote.http.W3CHttpResponseCodec.createException(W3CHttpResponseCodec.java:185)
	at org.openqa.selenium.remote.http.W3CHttpResponseCodec.decode(W3CHttpResponseCodec.java:120)
	at org.openqa.selenium.remote.http.W3CHttpResponseCodec.decode(W3CHttpResponseCodec.java:49)
	at org.openqa.selenium.remote.HttpCommandExecutor.execute(HttpCommandExecutor.java:164)
	at org.openqa.selenium.remote.RemoteWebDriver.execute(RemoteWebDriver.java:646)
	at org.openqa.selenium.remote.RemoteWebDriver.findElement(RemoteWebDriver.java:416)
	at org.openqa.selenium.remote.RemoteWebDriver.findElementByXPath(RemoteWebDriver.java:518)
	at org.openqa.selenium.By$ByXPath.findElement(By.java:361)
	at org.openqa.selenium.remote.RemoteWebDriver.findElement(RemoteWebDriver.java:408)
	at org.openqa.selenium.support.pagefactory.DefaultElementLocator.findElement(DefaultElementLocator.java:69)
	at org.openqa.selenium.support.pagefactory.internal.LocatingElementHandler.invoke(LocatingElementHandler.java:38)
	at com.sun.proxy.$Proxy12.click(Unknown Source)
	at studi.co.pageModules.Module_Review_Plan_Tab.Verify_Review_Plan_Tab(Module_Review_Plan_Tab.java:41)
	at studi.co.testScripts.Review_Plan_Tab.Verify_Review_Plan_Tab(Review_Plan_Tab.java:19)
	at sun.reflect.NativeMethodAccessorImpl.invoke0(Native Method)
	at sun.reflect.NativeMethodAccessorImpl.invoke(Unknown Source)
	at sun.reflect.DelegatingMethodAccessorImpl.invoke(Unknown Source)
	at java.lang.reflect.Method.invoke(Unknown Source)
	at org.testng.internal.MethodInvocationHelper.invokeMethod(MethodInvocationHelper.java:85)
	at org.testng.internal.Invoker.invokeMethod(Invoker.java:663)
	at org.testng.internal.Invoker.invokeTestMethod(Invoker.java:849)
	at org.testng.internal.Invoker.invokeTestMethods(Invoker.java:1157)
	at org.testng.internal.TestMethodWorker.invokeTestMethods(TestMethodWorker.java:124)
	at org.testng.internal.TestMethodWorker.run(TestMethodWorker.java:108)
	at org.testng.TestRunner.privateRun(TestRunner.java:771)
	at org.testng.TestRunner.run(TestRunner.java:621)
	at org.testng.SuiteRunner.runTest(SuiteRunner.java:357)
	at org.testng.SuiteRunner.access$000(SuiteRunner.java:38)
	at org.testng.SuiteRunner$SuiteWorker.run(SuiteRunner.java:391)
	at org.testng.internal.thread.ThreadUtil$2.call(ThreadUtil.java:64)
	at java.util.concurrent.FutureTask.run(Unknown Source)
	at java.util.concurrent.ThreadPoolExecutor.runWorker(Unknown Source)
	at java.util.concurrent.ThreadPoolExecutor$Worker.run(Unknown Source)
	at java.lang.Thread.run(Unknown Source)
]]>
            </full-stacktrace>
          </exception> <!-- org.openqa.selenium.NoSuchElementException -->
          <reporter-output>
          </reporter-output>
        </test-method> <!-- Verify_Review_Plan_Tab -->
        <test-method status="FAIL" signature="teardown(org.testng.ITestResult)[pri:0, instance:studi.co.testScripts.Review_Plan_Tab@22635ba0]" name="teardown" is-config="true" duration-ms="0" started-at="2020-11-13T21:22:54Z" finished-at="2020-11-13T21:22:54Z">
          <params>
            <param index="0">
              <value>
                <![CDATA[[TestResult name=Verify_Review_Plan_Tab status=FAILURE method=Review_Plan_Tab.Verify_Review_Plan_Tab()[pri:0, instance:studi.co.testScripts.Review_Plan_Tab@22635ba0] output={null}]]]>
              </value>
            </param>
          </params>
          <exception class="java.lang.NullPointerException">
            <full-stacktrace>
              <![CDATA[java.lang.NullPointerException
	at studi.co.Base.BaseClass.teardown(BaseClass.java:180)
	at sun.reflect.NativeMethodAccessorImpl.invoke0(Native Method)
	at sun.reflect.NativeMethodAccessorImpl.invoke(Unknown Source)
	at sun.reflect.DelegatingMethodAccessorImpl.invoke(Unknown Source)
	at java.lang.reflect.Method.invoke(Unknown Source)
	at org.testng.internal.MethodInvocationHelper.invokeMethod(MethodInvocationHelper.java:85)
	at org.testng.internal.Invoker.invokeConfigurationMethod(Invoker.java:521)
	at org.testng.internal.Invoker.invokeConfigurations(Invoker.java:213)
	at org.testng.internal.Invoker.invokeMethod(Invoker.java:736)
	at org.testng.internal.Invoker.invokeTestMethod(Invoker.java:849)
	at org.testng.internal.Invoker.invokeTestMethods(Invoker.java:1157)
	at org.testng.internal.TestMethodWorker.invokeTestMethods(TestMethodWorker.java:124)
	at org.testng.internal.TestMethodWorker.run(TestMethodWorker.java:108)
	at org.testng.TestRunner.privateRun(TestRunner.java:771)
	at org.testng.TestRunner.run(TestRunner.java:621)
	at org.testng.SuiteRunner.runTest(SuiteRunner.java:357)
	at org.testng.SuiteRunner.access$000(SuiteRunner.java:38)
	at org.testng.SuiteRunner$SuiteWorker.run(SuiteRunner.java:391)
	at org.testng.internal.thread.ThreadUtil$2.call(ThreadUtil.java:64)
	at java.util.concurrent.FutureTask.run(Unknown Source)
	at java.util.concurrent.ThreadPoolExecutor.runWorker(Unknown Source)
	at java.util.concurrent.ThreadPoolExecutor$Worker.run(Unknown Source)
	at java.lang.Thread.run(Unknown Source)
]]>
            </full-stacktrace>
          </exception> <!-- java.lang.NullPointerException -->
          <reporter-output>
          </reporter-output>
        </test-method> <!-- teardown -->
      </class> <!-- studi.co.testScripts.Review_Plan_Tab -->
      <class name="studi.co.testScripts.Login">
        <test-method status="PASS" signature="setUp()[pri:0, instance:studi.co.testScripts.Login@2aa3cd93]" name="setUp" is-config="true" duration-ms="248" started-at="2020-11-13T21:21:44Z" finished-at="2020-11-13T21:21:44Z">
          <reporter-output>
          </reporter-output>
        </test-method> <!-- setUp -->
        <test-method status="PASS" signature="beforeTest(java.lang.String, java.lang.String, java.lang.String, java.lang.String, java.lang.String, java.lang.String, java.lang.String, java.lang.String, java.lang.String)[pri:0, instance:studi.co.testScripts.Login@2aa3cd93]" name="beforeTest" is-config="true" duration-ms="19468" started-at="2020-11-13T21:21:44Z" finished-at="2020-11-13T21:22:03Z">
          <params>
            <param index="0">
              <value>
                <![CDATA[Android]]>
              </value>
            </param>
            <param index="1">
              <value>
                <![CDATA[http://127.0.0.1:4723/wd/hub]]>
              </value>
            </param>
            <param index="2">
              <value>
                <![CDATA[Android]]>
              </value>
            </param>
            <param index="3">
              <value>
                <![CDATA[ZY223HQBHZ]]>
              </value>
            </param>
            <param index="4">
              <value>
                <![CDATA[com.tce.afs]]>
              </value>
            </param>
            <param index="5">
              <value>
                <![CDATA[com.tce.view.ui.activities.SplashScreenActivity]]>
              </value>
            </param>
            <param index="6">
              <value>
                <![CDATA[7]]>
              </value>
            </param>
            <param index="7">
              <value>
                <![CDATA[]]>
              </value>
            </param>
            <param index="8">
              <value>
                <![CDATA[]]>
              </value>
            </param>
          </params>
          <reporter-output>
          </reporter-output>
        </test-method> <!-- beforeTest -->
        <test-method status="PASS" signature="Validate_Login()[pri:0, instance:studi.co.testScripts.Login@2aa3cd93]" name="Validate_Login" duration-ms="12659" started-at="2020-11-13T21:22:03Z" finished-at="2020-11-13T21:22:16Z">
          <reporter-output>
          </reporter-output>
        </test-method> <!-- Validate_Login -->
        <test-method status="PASS" signature="teardown(org.testng.ITestResult)[pri:0, instance:studi.co.testScripts.Login@2aa3cd93]" name="teardown" is-config="true" duration-ms="0" started-at="2020-11-13T21:22:16Z" finished-at="2020-11-13T21:22:16Z">
          <params>
            <param index="0">
              <value>
                <![CDATA[[TestResult name=Validate_Login status=SUCCESS method=Login.Validate_Login()[pri:0, instance:studi.co.testScripts.Login@2aa3cd93] output={null}]]]>
              </value>
            </param>
          </params>
          <reporter-output>
          </reporter-output>
        </test-method> <!-- teardown -->
        <test-method status="SKIP" signature="afterTest()[pri:0, instance:studi.co.testScripts.Login@2aa3cd93]" name="afterTest" is-config="true" duration-ms="0" started-at="2020-11-13T21:22:54Z" finished-at="2020-11-13T21:22:54Z">
          <reporter-output>
          </reporter-output>
        </test-method> <!-- afterTest -->
        <test-method status="SKIP" signature="tearDown()[pri:0, instance:studi.co.testScripts.Login@2aa3cd93]" name="tearDown" is-config="true" duration-ms="0" started-at="2020-11-13T21:22:54Z" finished-at="2020-11-13T21:22:54Z">
          <reporter-output>
          </reporter-output>
        </test-method> <!-- tearDown -->
      </class> <!-- studi.co.testScripts.Login -->
    </test> <!-- Device 01 -->
  </suite> <!-- Suite -->
</testng-results>
