<?xml version="1.0" encoding="UTF-8"?>
<!-- Generated by org.testng.reporters.JUnitXMLReporter -->
<testsuite ignored="0" hostname="DESKTOP-TMI6UL6" failures="2" tests="2" name="Test" time="57.894" errors="0" timestamp="13 Aug 2021 13:23:21 GMT">
  <testcase classname="studi.co.testScripts.Assignment_Listing" name="TC24_To_Verify_that_On_Listing_Page_User_able_to_Create_Task_And_Both_Type_of_Test" time="42.101">
    <failure type="org.openqa.selenium.WebDriverException" message="An unknown server-side error occurred while processing the command. Original error: Could not proxy command to the remote server. Original error: socket hang up
Build info: version: &amp;apos;3.141.59&amp;apos;, revision: &amp;apos;e82be7d358&amp;apos;, time: &amp;apos;2018-11-14T08:17:03&amp;apos;
System info: host: &amp;apos;DESKTOP-TMI6UL6&amp;apos;, ip: &amp;apos;192.168.31.152&amp;apos;, os.name: &amp;apos;Windows 10&amp;apos;, os.arch: &amp;apos;amd64&amp;apos;, os.version: &amp;apos;10.0&amp;apos;, java.version: &amp;apos;15.0.2&amp;apos;
Driver info: io.appium.java_client.android.AndroidDriver
Capabilities {appActivity: com.tce.view.ui.activities...., appPackage: com.tce.studi, chromeOptions: {w3c: false}, chromedriverExecutable: C:\Users\LENOVO\git\TATA_St..., databaseEnabled: false, desired: {appActivity: com.tce.view.ui.activities...., appPackage: com.tce.studi, chromeOptions: {w3c: false}, chromedriverExecutable: C:\Users\LENOVO\git\TATA_St..., deviceName: Appium, noReset: true, platformName: android, takesScreenshot: true}, deviceApiLevel: 30, deviceManufacturer: samsung, deviceModel: SM-M015G, deviceName: R9ZN71027SD, deviceScreenDensity: 320, deviceScreenSize: 720x1520, deviceUDID: R9ZN71027SD, javascriptEnabled: true, locationContextEnabled: false, networkConnectionEnabled: true, noReset: true, pixelRatio: 2, platform: LINUX, platformName: Android, platformVersion: 11, statBarHeight: 59, takesScreenshot: true, viewportRect: {height: 1306, left: 0, top: 59, width: 720}, warnings: {}, webStorageEnabled: false}
Session ID: 687599c3-ce2e-4d78-9e0b-4b8530cdfca0
*** Element info: {Using=-android uiautomator, value=new UiScrollable(new UiSelector().scrollable(true)).scrollIntoView(text(&amp;quot;Natural Vegetation&amp;quot;));}">
      <![CDATA[org.openqa.selenium.WebDriverException: An unknown server-side error occurred while processing the command. Original error: Could not proxy command to the remote server. Original error: socket hang up
Build info: version: '3.141.59', revision: 'e82be7d358', time: '2018-11-14T08:17:03'
System info: host: 'DESKTOP-TMI6UL6', ip: '192.168.31.152', os.name: 'Windows 10', os.arch: 'amd64', os.version: '10.0', java.version: '15.0.2'
Driver info: io.appium.java_client.android.AndroidDriver
Capabilities {appActivity: com.tce.view.ui.activities...., appPackage: com.tce.studi, chromeOptions: {w3c: false}, chromedriverExecutable: C:\Users\LENOVO\git\TATA_St..., databaseEnabled: false, desired: {appActivity: com.tce.view.ui.activities...., appPackage: com.tce.studi, chromeOptions: {w3c: false}, chromedriverExecutable: C:\Users\LENOVO\git\TATA_St..., deviceName: Appium, noReset: true, platformName: android, takesScreenshot: true}, deviceApiLevel: 30, deviceManufacturer: samsung, deviceModel: SM-M015G, deviceName: R9ZN71027SD, deviceScreenDensity: 320, deviceScreenSize: 720x1520, deviceUDID: R9ZN71027SD, javascriptEnabled: true, locationContextEnabled: false, networkConnectionEnabled: true, noReset: true, pixelRatio: 2, platform: LINUX, platformName: Android, platformVersion: 11, statBarHeight: 59, takesScreenshot: true, viewportRect: {height: 1306, left: 0, top: 59, width: 720}, warnings: {}, webStorageEnabled: false}
Session ID: 687599c3-ce2e-4d78-9e0b-4b8530cdfca0
*** Element info: {Using=-android uiautomator, value=new UiScrollable(new UiSelector().scrollable(true)).scrollIntoView(text("Natural Vegetation"));}
at org.openqa.selenium.remote.http.W3CHttpResponseCodec.createException(W3CHttpResponseCodec.java:187)
at org.openqa.selenium.remote.http.W3CHttpResponseCodec.decode(W3CHttpResponseCodec.java:122)
at org.openqa.selenium.remote.http.W3CHttpResponseCodec.decode(W3CHttpResponseCodec.java:49)
at org.openqa.selenium.remote.HttpCommandExecutor.execute(HttpCommandExecutor.java:158)
at io.appium.java_client.remote.AppiumCommandExecutor.execute(AppiumCommandExecutor.java:239)
at org.openqa.selenium.remote.RemoteWebDriver.execute(RemoteWebDriver.java:552)
at io.appium.java_client.DefaultGenericMobileDriver.execute(DefaultGenericMobileDriver.java:42)
at io.appium.java_client.AppiumDriver.execute(AppiumDriver.java:1)
at io.appium.java_client.android.AndroidDriver.execute(AndroidDriver.java:1)
at org.openqa.selenium.remote.RemoteWebDriver.findElement(RemoteWebDriver.java:323)
at io.appium.java_client.DefaultGenericMobileDriver.findElement(DefaultGenericMobileDriver.java:62)
at io.appium.java_client.AppiumDriver.findElement(AppiumDriver.java:1)
at io.appium.java_client.android.AndroidDriver.findElement(AndroidDriver.java:1)
at io.appium.java_client.FindsByAndroidUIAutomator.findElementByAndroidUIAutomator(FindsByAndroidUIAutomator.java:38)
at io.appium.java_client.MobileBy$ByAndroidUIAutomator.findElement(MobileBy.java:278)
at org.openqa.selenium.remote.RemoteWebDriver.findElement(RemoteWebDriver.java:315)
at io.appium.java_client.DefaultGenericMobileDriver.findElement(DefaultGenericMobileDriver.java:58)
at io.appium.java_client.AppiumDriver.findElement(AppiumDriver.java:1)
at io.appium.java_client.android.AndroidDriver.findElement(AndroidDriver.java:1)
at studi.co.Base.BaseClass.scrollTo1(BaseClass.java:546)
at studi.co.pageModules.Module_Assignment_Listing.to_verify_that_on_listing_page_user_able_to_create_task_and_both_type_of_test(Module_Assignment_Listing.java:748)
at studi.co.testScripts.Assignment_Listing.TC24_To_Verify_that_On_Listing_Page_User_able_to_Create_Task_And_Both_Type_of_Test(Assignment_Listing.java:132)
... Removed 30 stack frames]]>
    </failure>
  </testcase> <!-- TC24_To_Verify_that_On_Listing_Page_User_able_to_Create_Task_And_Both_Type_of_Test -->
  <testcase classname="studi.co.testScripts.Assignment_Listing" name="TC24_To_Verify_that_On_Listing_Page_User_able_to_Create_Task_And_Both_Type_of_Test" time="42.146">
    <failure type="org.openqa.selenium.WebDriverException" message="An unknown server-side error occurred while processing the command. Original error: Could not proxy command to the remote server. Original error: socket hang up
Build info: version: &amp;apos;3.141.59&amp;apos;, revision: &amp;apos;e82be7d358&amp;apos;, time: &amp;apos;2018-11-14T08:17:03&amp;apos;
System info: host: &amp;apos;DESKTOP-TMI6UL6&amp;apos;, ip: &amp;apos;192.168.31.152&amp;apos;, os.name: &amp;apos;Windows 10&amp;apos;, os.arch: &amp;apos;amd64&amp;apos;, os.version: &amp;apos;10.0&amp;apos;, java.version: &amp;apos;15.0.2&amp;apos;
Driver info: io.appium.java_client.android.AndroidDriver
Capabilities {appActivity: com.tce.view.ui.activities...., appPackage: com.tce.studi, chromeOptions: {w3c: false}, chromedriverExecutable: C:\Users\LENOVO\git\TATA_St..., databaseEnabled: false, desired: {appActivity: com.tce.view.ui.activities...., appPackage: com.tce.studi, chromeOptions: {w3c: false}, chromedriverExecutable: C:\Users\LENOVO\git\TATA_St..., deviceName: Appium, noReset: true, platformName: android, takesScreenshot: true}, deviceApiLevel: 30, deviceManufacturer: samsung, deviceModel: SM-M015G, deviceName: R9ZN71027SD, deviceScreenDensity: 320, deviceScreenSize: 720x1520, deviceUDID: R9ZN71027SD, javascriptEnabled: true, locationContextEnabled: false, networkConnectionEnabled: true, noReset: true, pixelRatio: 2, platform: LINUX, platformName: Android, platformVersion: 11, statBarHeight: 59, takesScreenshot: true, viewportRect: {height: 1306, left: 0, top: 59, width: 720}, warnings: {}, webStorageEnabled: false}
Session ID: 687599c3-ce2e-4d78-9e0b-4b8530cdfca0">
      <![CDATA[org.openqa.selenium.WebDriverException: An unknown server-side error occurred while processing the command. Original error: Could not proxy command to the remote server. Original error: socket hang up
Build info: version: '3.141.59', revision: 'e82be7d358', time: '2018-11-14T08:17:03'
System info: host: 'DESKTOP-TMI6UL6', ip: '192.168.31.152', os.name: 'Windows 10', os.arch: 'amd64', os.version: '10.0', java.version: '15.0.2'
Driver info: io.appium.java_client.android.AndroidDriver
Capabilities {appActivity: com.tce.view.ui.activities...., appPackage: com.tce.studi, chromeOptions: {w3c: false}, chromedriverExecutable: C:\Users\LENOVO\git\TATA_St..., databaseEnabled: false, desired: {appActivity: com.tce.view.ui.activities...., appPackage: com.tce.studi, chromeOptions: {w3c: false}, chromedriverExecutable: C:\Users\LENOVO\git\TATA_St..., deviceName: Appium, noReset: true, platformName: android, takesScreenshot: true}, deviceApiLevel: 30, deviceManufacturer: samsung, deviceModel: SM-M015G, deviceName: R9ZN71027SD, deviceScreenDensity: 320, deviceScreenSize: 720x1520, deviceUDID: R9ZN71027SD, javascriptEnabled: true, locationContextEnabled: false, networkConnectionEnabled: true, noReset: true, pixelRatio: 2, platform: LINUX, platformName: Android, platformVersion: 11, statBarHeight: 59, takesScreenshot: true, viewportRect: {height: 1306, left: 0, top: 59, width: 720}, warnings: {}, webStorageEnabled: false}
Session ID: 687599c3-ce2e-4d78-9e0b-4b8530cdfca0
at org.openqa.selenium.remote.http.W3CHttpResponseCodec.createException(W3CHttpResponseCodec.java:187)
at org.openqa.selenium.remote.http.W3CHttpResponseCodec.decode(W3CHttpResponseCodec.java:122)
at org.openqa.selenium.remote.http.W3CHttpResponseCodec.decode(W3CHttpResponseCodec.java:49)
at org.openqa.selenium.remote.HttpCommandExecutor.execute(HttpCommandExecutor.java:158)
at io.appium.java_client.remote.AppiumCommandExecutor.execute(AppiumCommandExecutor.java:239)
at org.openqa.selenium.remote.RemoteWebDriver.execute(RemoteWebDriver.java:552)
at io.appium.java_client.DefaultGenericMobileDriver.execute(DefaultGenericMobileDriver.java:46)
at io.appium.java_client.AppiumDriver.execute(AppiumDriver.java:1)
at io.appium.java_client.android.AndroidDriver.execute(AndroidDriver.java:1)
at org.openqa.selenium.remote.RemoteWebDriver.getScreenshotAs(RemoteWebDriver.java:295)
at studi.co.Base.TestListener.screenshotforExtentReport(TestListener.java:126)
at studi.co.Base.TestListener.onTestFailure(TestListener.java:65)
... Removed 27 stack frames]]>
    </failure>
  </testcase> <!-- TC24_To_Verify_that_On_Listing_Page_User_able_to_Create_Task_And_Both_Type_of_Test -->
</testsuite> <!-- Test -->
